<?xml version="1.0" encoding="UTF-8"?>
<!-- Generated by org.testng.reporters.JUnitXMLReporter -->
<testsuite ignored="0" hostname="DESKTOP-7RSSMPL" failures="1" tests="1" name="MyTraining Tests" time="118.639" errors="0" timestamp="2025-06-06T20:04:16 IST">
  <testcase classname="sania.tests.trainingProject.AmazonTest" name="testOrder" time="112.724">
    <failure type="org.openqa.selenium.ElementClickInterceptedException" message="element click intercepted: Element &amp;lt;div data-cy=&amp;quot;title-recipe&amp;quot; class=&amp;quot;a-section a-spacing-none a-spacing-top-small s-title-instructions-style&amp;quot;&amp;gt;...&amp;lt;/div&amp;gt; is not clickable at point (456, 46). Other element would receive the click: &amp;lt;input type=&amp;quot;text&amp;quot; id=&amp;quot;twotabsearchtextbox&amp;quot; value=&amp;quot;women watch&amp;quot; name=&amp;quot;field-keywords&amp;quot; autocomplete=&amp;quot;off&amp;quot; placeholder=&amp;quot;Search Amazon.in&amp;quot; class=&amp;quot;nav-input nav-progressive-attribute&amp;quot; dir=&amp;quot;auto&amp;quot; tabindex=&amp;quot;0&amp;quot; aria-label=&amp;quot;Search Amazon.in&amp;quot; role=&amp;quot;searchbox&amp;quot; aria-autocomplete=&amp;quot;list&amp;quot; aria-controls=&amp;quot;sac-autocomplete-results-container&amp;quot; aria-expanded=&amp;quot;false&amp;quot; aria-haspopup=&amp;quot;grid&amp;quot; spellcheck=&amp;quot;false&amp;quot;&amp;gt;
  (Session info: MicrosoftEdge=137.0.3296.62)
Build info: version: &amp;apos;4.23.0&amp;apos;, revision: &amp;apos;4df0a231af&amp;apos;
System info: os.name: &amp;apos;Windows 10&amp;apos;, os.arch: &amp;apos;amd64&amp;apos;, os.version: &amp;apos;10.0&amp;apos;, java.version: &amp;apos;21.0.4&amp;apos;
Driver info: org.openqa.selenium.edge.EdgeDriver
Command: [1d9420aa0b614c7622c4999880326407, clickElement {id=f.39FCA9533593451C7910D884AA4047A8.d.CD06799DF89D4A41142E90F59696E8D4.e.399}]
Capabilities {acceptInsecureCerts: false, browserName: MicrosoftEdge, browserVersion: 137.0.3296.62, fedcm:accounts: true, ms:edgeOptions: {debuggerAddress: localhost:55430}, msedge: {msedgedriverVersion: 137.0.3296.62 (ab09be0c363d..., userDataDir: C:\Users\MJ\AppData\Local\T...}, networkConnectionEnabled: false, pageLoadStrategy: normal, platformName: windows, proxy: Proxy(), se:cdp: ws://localhost:55430/devtoo..., se:cdpVersion: 137.0.3296.62, setWindowRect: true, strictFileInteractability: false, timeouts: {implicit: 0, pageLoad: 300000, script: 30000}, unhandledPromptBehavior: dismiss and notify, webauthn:extension:credBlob: true, webauthn:extension:largeBlob: true, webauthn:extension:minPinLength: true, webauthn:extension:prf: true, webauthn:virtualAuthenticators: true}
Element: [[[[EdgeDriver: MicrosoftEdge on windows (1d9420aa0b614c7622c4999880326407)] -&amp;gt; css selector: .s-search-results]] -&amp;gt; css selector: .s-title-instructions-style]
Session ID: 1d9420aa0b614c7622c4999880326407">
      <![CDATA[org.openqa.selenium.ElementClickInterceptedException: element click intercepted: Element <div data-cy="title-recipe" class="a-section a-spacing-none a-spacing-top-small s-title-instructions-style">...</div> is not clickable at point (456, 46). Other element would receive the click: <input type="text" id="twotabsearchtextbox" value="women watch" name="field-keywords" autocomplete="off" placeholder="Search Amazon.in" class="nav-input nav-progressive-attribute" dir="auto" tabindex="0" aria-label="Search Amazon.in" role="searchbox" aria-autocomplete="list" aria-controls="sac-autocomplete-results-container" aria-expanded="false" aria-haspopup="grid" spellcheck="false">
  (Session info: MicrosoftEdge=137.0.3296.62)
Build info: version: '4.23.0', revision: '4df0a231af'
System info: os.name: 'Windows 10', os.arch: 'amd64', os.version: '10.0', java.version: '21.0.4'
Driver info: org.openqa.selenium.edge.EdgeDriver
Command: [1d9420aa0b614c7622c4999880326407, clickElement {id=f.39FCA9533593451C7910D884AA4047A8.d.CD06799DF89D4A41142E90F59696E8D4.e.399}]
Capabilities {acceptInsecureCerts: false, browserName: MicrosoftEdge, browserVersion: 137.0.3296.62, fedcm:accounts: true, ms:edgeOptions: {debuggerAddress: localhost:55430}, msedge: {msedgedriverVersion: 137.0.3296.62 (ab09be0c363d..., userDataDir: C:\Users\MJ\AppData\Local\T...}, networkConnectionEnabled: false, pageLoadStrategy: normal, platformName: windows, proxy: Proxy(), se:cdp: ws://localhost:55430/devtoo..., se:cdpVersion: 137.0.3296.62, setWindowRect: true, strictFileInteractability: false, timeouts: {implicit: 0, pageLoad: 300000, script: 30000}, unhandledPromptBehavior: dismiss and notify, webauthn:extension:credBlob: true, webauthn:extension:largeBlob: true, webauthn:extension:minPinLength: true, webauthn:extension:prf: true, webauthn:virtualAuthenticators: true}
Element: [[[[EdgeDriver: MicrosoftEdge on windows (1d9420aa0b614c7622c4999880326407)] -> css selector: .s-search-results]] -> css selector: .s-title-instructions-style]
Session ID: 1d9420aa0b614c7622c4999880326407
at org.openqa.selenium.remote.ErrorCodec.decode(ErrorCodec.java:167)
at org.openqa.selenium.remote.codec.w3c.W3CHttpResponseCodec.decode(W3CHttpResponseCodec.java:138)
at org.openqa.selenium.remote.codec.w3c.W3CHttpResponseCodec.decode(W3CHttpResponseCodec.java:50)
at org.openqa.selenium.remote.HttpCommandExecutor.execute(HttpCommandExecutor.java:190)
at org.openqa.selenium.remote.service.DriverCommandExecutor.invokeExecute(DriverCommandExecutor.java:216)
at org.openqa.selenium.remote.service.DriverCommandExecutor.execute(DriverCommandExecutor.java:174)
at org.openqa.selenium.remote.RemoteWebDriver.execute(RemoteWebDriver.java:527)
at org.openqa.selenium.remote.RemoteWebElement.execute(RemoteWebElement.java:223)
at org.openqa.selenium.remote.RemoteWebElement.click(RemoteWebElement.java:76)
at sania.pages.ProductPage.selectFirstProduct(ProductPage.java:29)
at sania.tests.trainingProject.AmazonTest.testOrder(AmazonTest.java:19)
at java.base/java.util.ArrayList.forEach(ArrayList.java:1596)
... Removed 28 stack frames]]>
    </failure>
  </testcase> <!-- testOrder -->
</testsuite> <!-- MyTraining Tests -->
